Napoleon.ce/Core/Napoleon.AS/modules/base.v5/build/intermediates/manifest_merge_blame_file/debug/manifest-merger-blame-debug-report.txt
1<?xml version="1.0" encoding="utf-8"?>
2<manifest xmlns:android="http://schemas.android.com/apk/res/android"
3    package="com.grsoft.napoleon" >
4
5    <uses-sdk android:minSdkVersion="15" />
5-->src\main\AndroidManifest.xml
6
7    <uses-permission android:name="android.permission.ACCESS_FINE_LOCATION" />
7-->src\main\AndroidManifest.xml:4:5-79
7-->src\main\AndroidManifest.xml:4:22-76
8    <uses-permission android:name="android.permission.READ_PHONE_STATE" />
8-->src\main\AndroidManifest.xml:5:5-75
8-->src\main\AndroidManifest.xml:5:22-72
9
10</manifest>